
> @synthoma/web@0.1.0 build C:\SYNTHOMA\apps\web
> next build

  ▲ Next.js 14.2.5
  - Experiments (use with caution):
    · typedRoutes

   Creating an optimized production build ...
 ✓ Compiled successfully
   Linting and checking validity of types ...
 ⨯ ESLint: Invalid Options: - Unknown options: useEslintrc, extensions - 'extensions' has been removed.
   Collecting page data ...
   Generating static pages (0/8) ...
   Generating static pages (2/8) 
   Generating static pages (4/8) 
   Generating static pages (6/8) 
 ✓ Generating static pages (8/8)
   Finalizing page optimization ...
   Collecting build traces ...

Route (app)                              Size     First Load JS
┌ ○ /                                    10.7 kB        97.7 kB
├ ○ /_not-found                          872 B          87.9 kB
├ ○ /api/books                           0 B                0 B
├ ○ /audit                               2.16 kB        89.2 kB
├ ○ /end                                 3.07 kB        92.7 kB
└ ○ /run                                 5.35 kB          95 kB
+ First Load JS shared by all            87 kB
  ├ chunks/753-563c1e7a09f76f32.js       31.5 kB
  ├ chunks/abf17911-7ad09c1ca07709cb.js  53.6 kB
  └ other shared chunks (total)          1.86 kB


○  (Static)  prerendered as static content

